<?xml version="1.0" encoding="UTF-8"?>
<!-- Generated by org.testng.reporters.JUnitXMLReporter -->
<testsuite ignored="0" hostname="DESKTOP-V5VVE22" failures="0" tests="7" name="Default test" time="0.08" errors="0" timestamp="2025-02-03T23:18:52 IST">
  <testcase classname="javaBasics.JavaStreamsDemo" name="regular" time="0.01"/>
  <testcase classname="javaBasics.JavaStreamsDemo" name="repeated" time="0.007"/>
  <testcase classname="javaBasics.JavaStreamsDemo" name="streamCollect" time="0.002"/>
  <testcase classname="javaBasics.JavaStreamsDemo" name="streamFilter" time="0.004"/>
  <testcase classname="javaBasics.JavaStreamsDemo" name="streamMap" time="0.002"/>
  <testcase classname="javaBasics.JavaStreamsDemo" name="streamSorting" time="0.006"/>
  <testcase classname="javaBasics.JavaStreamsDemo" name="stringReverse" time="0.002"/>
</testsuite> <!-- Default test -->
