<?xml version="1.0" encoding="UTF-8"?>
<!-- Generated by org.testng.reporters.JUnitXMLReporter -->
<testsuite ignored="0" hostname="DESKTOP-V5VVE22" failures="0" tests="3" name="Default test" time="0.059" errors="0" timestamp="2024-10-29T02:33:14 IST">
  <testcase classname="JavaBasics.InterviewQuestions" name="palindrome" time="0.015"/>
  <testcase classname="JavaBasics.InterviewQuestions" name="stringReverse" time="0.003"/>
  <testcase classname="JavaBasics.InterviewQuestions" name="swapVariables" time="0.005"/>
</testsuite> <!-- Default test -->
