<?xml version="1.0" encoding="UTF-8"?>
<testng-results ignored="0" total="1" passed="1" failed="0" skipped="0">
  <reporter-output>
  </reporter-output>
  <suite started-at="2024-11-06T03:13:15 IST" name="Default suite" finished-at="2024-11-06T03:13:30 IST" duration-ms="14513">
    <groups>
    </groups>
    <test started-at="2024-11-06T03:13:15 IST" name="Default test" finished-at="2024-11-06T03:13:30 IST" duration-ms="14513">
      <class name="selenium.UploadDownload">
        <test-method signature="test()[pri:0, instance:selenium.UploadDownload@4b0d79fc]" started-at="2024-11-06T03:13:15 IST" name="test" finished-at="2024-11-06T03:13:30 IST" duration-ms="14482" status="PASS">
          <reporter-output>
          </reporter-output>
        </test-method> <!-- test -->
      </class> <!-- selenium.UploadDownload -->
    </test> <!-- Default test -->
  </suite> <!-- Default suite -->
</testng-results>
